生成启动时间为 2021-10-07 21:06:02。
     1>项目“D:\科林\C++磊哥\自己做的游戏\合成大西瓜\合成大西瓜\合成大西瓜.vcxproj”在节点 2 上(Rebuild 个目标)。
     1>ClCompile:
         D:\Program Files (x86)\Microsoft Visual Studio 11.0\VC\bin\CL.exe /c /ZI /nologo /W3 /WX- /Od /Oy- /D WIN32 /D _DEBUG /D _WINDOWS /D _UNICODE /D UNICODE /Gm /EHsc /RTC1 /MDd /GS /fp:precise /Zc:wchar_t /Zc:forScope /Fo"Debug\\" /Fd"Debug\vc110.pdb" /Gd /TP /analyze- /errorReport:prompt GameFrame\WinMain.cpp
         WinMain.cpp
     1>d:\科林\c++磊哥\自己做的游戏\合成大西瓜\合成大西瓜\gameframe\winmain.cpp(52): error C2440: “=”: 无法从“LPCSTR”转换为“LPCWSTR”
                 与指向的类型无关；转换要求 reinterpret_cast、C 样式转换或函数样式转换
     1>d:\科林\c++磊哥\自己做的游戏\合成大西瓜\合成大西瓜\gameframe\winmain.cpp(58): error C2664: “MessageBoxW”: 不能将参数 2 从“const char [9]”转换为“LPCWSTR”
                 与指向的类型无关；转换要求 reinterpret_cast、C 样式转换或函数样式转换
     1>d:\科林\c++磊哥\自己做的游戏\合成大西瓜\合成大西瓜\gameframe\winmain.cpp(62): error C2664: “CreateWindowExW”: 不能将参数 2 从“LPCSTR”转换为“LPCWSTR”
                 与指向的类型无关；转换要求 reinterpret_cast、C 样式转换或函数样式转换
     1>d:\科林\c++磊哥\自己做的游戏\合成大西瓜\合成大西瓜\gameframe\winmain.cpp(65): error C2664: “MessageBoxW”: 不能将参数 2 从“const char [9]”转换为“LPCWSTR”
                 与指向的类型无关；转换要求 reinterpret_cast、C 样式转换或函数样式转换
     1>d:\科林\c++磊哥\自己做的游戏\合成大西瓜\合成大西瓜\gameframe\winmain.cpp(168): error C2664: “MessageBoxW”: 不能将参数 2 从“const char [24]”转换为“LPCWSTR”
                 与指向的类型无关；转换要求 reinterpret_cast、C 样式转换或函数样式转换
     1>d:\科林\c++磊哥\自己做的游戏\合成大西瓜\合成大西瓜\gameframe\winmain.cpp(194): error C2664: “MessageBoxW”: 不能将参数 2 从“const char [8]”转换为“LPCWSTR”
                 与指向的类型无关；转换要求 reinterpret_cast、C 样式转换或函数样式转换
     1>已完成生成项目“D:\科林\C++磊哥\自己做的游戏\合成大西瓜\合成大西瓜\合成大西瓜.vcxproj”(Rebuild 个目标)的操作 - 失败。

生成失败。

已用时间 00:00:01.08
